0 info it worked if it ends with ok
1 verbose cli [ '/usr/bin/nodejs', '/usr/bin/npm', 'run', 'test' ]
2 info using npm@3.10.9
3 info using node@v6.9.2
4 verbose run-script [ 'pretest', 'test', 'posttest' ]
5 info lifecycle matelight-extreme@1.0.0~pretest: matelight-extreme@1.0.0
6 silly lifecycle matelight-extreme@1.0.0~pretest: no script for pretest, continuing
7 info lifecycle matelight-extreme@1.0.0~test: matelight-extreme@1.0.0
8 verbose lifecycle matelight-extreme@1.0.0~test: unsafe-perm in lifecycle true
9 verbose lifecycle matelight-extreme@1.0.0~test: PATH: /usr/lib/node_modules/npm/bin/node-gyp-bin:/home/harmoniemand/work/matelight-extreme/node_modules/.bin:/home/harmoniemand/bin:/home/harmoniemand/.local/bin:/usr/local/sbin:/usr/local/bin:/usr/sbin:/usr/bin:/sbin:/bin:/usr/games:/usr/local/games:/snap/bin
10 verbose lifecycle matelight-extreme@1.0.0~test: CWD: /home/harmoniemand/work/matelight-extreme
11 silly lifecycle matelight-extreme@1.0.0~test: Args: [ '-c', 'NODE_ENV=test mocha \'/**/*.spec.js\'' ]
12 silly lifecycle matelight-extreme@1.0.0~test: Returned: code: 1  signal: null
13 info lifecycle matelight-extreme@1.0.0~test: Failed to exec test script
14 verbose stack Error: matelight-extreme@1.0.0 test: `NODE_ENV=test mocha '/**/*.spec.js'`
14 verbose stack Exit status 1
14 verbose stack     at EventEmitter.<anonymous> (/usr/lib/node_modules/npm/lib/utils/lifecycle.js:255:16)
14 verbose stack     at emitTwo (events.js:106:13)
14 verbose stack     at EventEmitter.emit (events.js:191:7)
14 verbose stack     at ChildProcess.<anonymous> (/usr/lib/node_modules/npm/lib/utils/spawn.js:40:14)
14 verbose stack     at emitTwo (events.js:106:13)
14 verbose stack     at ChildProcess.emit (events.js:191:7)
14 verbose stack     at maybeClose (internal/child_process.js:877:16)
14 verbose stack     at Process.ChildProcess._handle.onexit (internal/child_process.js:226:5)
15 verbose pkgid matelight-extreme@1.0.0
16 verbose cwd /home/harmoniemand/work/matelight-extreme
17 error Linux 4.8.0-34-generic
18 error argv "/usr/bin/nodejs" "/usr/bin/npm" "run" "test"
19 error node v6.9.2
20 error npm  v3.10.9
21 error code ELIFECYCLE
22 error matelight-extreme@1.0.0 test: `NODE_ENV=test mocha '/**/*.spec.js'`
22 error Exit status 1
23 error Failed at the matelight-extreme@1.0.0 test script 'NODE_ENV=test mocha '/**/*.spec.js''.
23 error Make sure you have the latest version of node.js and npm installed.
23 error If you do, this is most likely a problem with the matelight-extreme package,
23 error not with npm itself.
23 error Tell the author that this fails on your system:
23 error     NODE_ENV=test mocha '/**/*.spec.js'
23 error You can get information on how to open an issue for this project with:
23 error     npm bugs matelight-extreme
23 error Or if that isn't available, you can get their info via:
23 error     npm owner ls matelight-extreme
23 error There is likely additional logging output above.
24 verbose exit [ 1, true ]
